0 info it worked if it ends with ok
1 verbose cli [ 'node', '/usr/local/bin/npm', 'install', 'queueManager' ]
2 info using npm@2.9.1
3 info using node@v0.12.3
4 verbose install initial load of /Users/evanlin/Documents/PhilzRepo/PhilzHack2/philz/server/package.json
5 warn package.json philz@1.0.0 No description
6 warn package.json philz@1.0.0 No README data
7 verbose installManyTop reading scoped package data from /Users/evanlin/Documents/PhilzRepo/PhilzHack2/philz/server/node_modules/coffee/package.json
8 verbose installManyTop reading scoped package data from /Users/evanlin/Documents/PhilzRepo/PhilzHack2/philz/server/node_modules/coffee-script/package.json
9 verbose installManyTop reading scoped package data from /Users/evanlin/Documents/PhilzRepo/PhilzHack2/philz/server/node_modules/cookie-parser/package.json
10 verbose installManyTop reading scoped package data from /Users/evanlin/Documents/PhilzRepo/PhilzHack2/philz/server/node_modules/express/package.json
11 verbose installManyTop reading scoped package data from /Users/evanlin/Documents/PhilzRepo/PhilzHack2/philz/server/node_modules/node-env-file/package.json
12 verbose installManyTop reading scoped package data from /Users/evanlin/Documents/PhilzRepo/PhilzHack2/philz/server/node_modules/request/package.json
13 verbose readDependencies loading dependencies from /Users/evanlin/Documents/PhilzRepo/PhilzHack2/philz/server/package.json
14 silly cache add args [ 'queueManager', null ]
15 verbose cache add spec queueManager
16 silly cache add parsed spec { raw: 'queueManager',
16 silly cache add   scope: null,
16 silly cache add   name: 'queueManager',
16 silly cache add   rawSpec: '',
16 silly cache add   spec: '*',
16 silly cache add   type: 'range' }
17 silly addNamed queueManager@*
18 verbose addNamed "*" is a valid semver range for queueManager
19 silly addNameRange { name: 'queueManager', range: '*', hasData: false }
20 silly mapToRegistry name queueManager
21 silly mapToRegistry using default registry
22 silly mapToRegistry registry https://registry.npmjs.org/
23 silly mapToRegistry uri https://registry.npmjs.org/queueManager
24 verbose addNameRange registry:https://registry.npmjs.org/queueManager not in flight; fetching
25 verbose request uri https://registry.npmjs.org/queueManager
26 verbose request no auth needed
27 info attempt registry request try #1 at 12:05:17 AM
28 verbose request id 6065c23bcf0d43c5
29 http request GET https://registry.npmjs.org/queueManager
30 http 404 https://registry.npmjs.org/queueManager
31 verbose headers { server: 'CouchDB/1.5.0 (Erlang OTP/R16B03)',
31 verbose headers   'content-type': 'application/json',
31 verbose headers   'cache-control': 'max-age=0',
31 verbose headers   'content-length': '51',
31 verbose headers   'accept-ranges': 'bytes',
31 verbose headers   date: 'Sun, 31 May 2015 07:05:15 GMT',
31 verbose headers   via: '1.1 varnish',
31 verbose headers   age: '0',
31 verbose headers   connection: 'keep-alive',
31 verbose headers   'x-served-by': 'cache-lax1423-LAX',
31 verbose headers   'x-cache': 'MISS',
31 verbose headers   'x-cache-hits': '0',
31 verbose headers   'x-timer': 'S1433055915.860843,VS0,VE47' }
32 silly get cb [ 404,
32 silly get   { server: 'CouchDB/1.5.0 (Erlang OTP/R16B03)',
32 silly get     'content-type': 'application/json',
32 silly get     'cache-control': 'max-age=0',
32 silly get     'content-length': '51',
32 silly get     'accept-ranges': 'bytes',
32 silly get     date: 'Sun, 31 May 2015 07:05:15 GMT',
32 silly get     via: '1.1 varnish',
32 silly get     age: '0',
32 silly get     connection: 'keep-alive',
32 silly get     'x-served-by': 'cache-lax1423-LAX',
32 silly get     'x-cache': 'MISS',
32 silly get     'x-cache-hits': '0',
32 silly get     'x-timer': 'S1433055915.860843,VS0,VE47' } ]
33 verbose stack Error: 404 Not Found: queueManager
33 verbose stack     at CachingRegistryClient.<anonymous> (/usr/local/lib/node_modules/npm/node_modules/npm-registry-client/lib/request.js:245:14)
33 verbose stack     at Request._callback (/usr/local/lib/node_modules/npm/node_modules/npm-registry-client/lib/request.js:170:14)
33 verbose stack     at Request.self.callback (/usr/local/lib/node_modules/npm/node_modules/request/request.js:368:22)
33 verbose stack     at Request.emit (events.js:110:17)
33 verbose stack     at Request.<anonymous> (/usr/local/lib/node_modules/npm/node_modules/request/request.js:1219:14)
33 verbose stack     at Request.emit (events.js:129:20)
33 verbose stack     at IncomingMessage.<anonymous> (/usr/local/lib/node_modules/npm/node_modules/request/request.js:1167:12)
33 verbose stack     at IncomingMessage.emit (events.js:129:20)
33 verbose stack     at _stream_readable.js:908:16
33 verbose stack     at process._tickCallback (node.js:355:11)
34 verbose statusCode 404
35 verbose pkgid queueManager
36 verbose cwd /Users/evanlin/Documents/PhilzRepo/PhilzHack2/philz/server
37 error Darwin 14.0.0
38 error argv "node" "/usr/local/bin/npm" "install" "queueManager"
39 error node v0.12.3
40 error npm  v2.9.1
41 error code E404
42 error 404 Not Found: queueManager
42 error 404
42 error 404 'queueManager' is not in the npm registry.
42 error 404 You should bug the author to publish it (or use the name yourself!)
42 error 404 It was specified as a dependency of 'philz'
42 error 404
42 error 404 Note that you can also install from a
42 error 404 tarball, folder, http url, or git url.
43 verbose exit [ 1, true ]
